Compiling the C compiler identification source file "CMakeCCompilerId.c" failed.
Compiler: /Library/Developer/CommandLineTools/usr/bin/cc 
Build flags: 
Id flags:  

The output was:
1
ld: library not found for -lSystem
clang: error: linker command failed with exit code 1 (use -v to see invocation)


Compiling the CXX compiler identification source file "CMakeCXXCompilerId.cpp" failed.
Compiler: /Library/Developer/CommandLineTools/usr/bin/c++ 
Build flags: 
Id flags:  

The output was:
1
ld: library not found for -lc++
clang: error: linker command failed with exit code 1 (use -v to see invocation)


Determining if the include file malloc.h exists failed with the following output:
Change Dir: /Users/neverb2sy/dex2ir/external/llvm/build/CMakeFiles/CMakeTmp

Run Build Command(s):/usr/bin/make -f Makefile cmTC_f833d/fast && /Library/Developer/CommandLineTools/usr/bin/make  -f CMakeFiles/cmTC_f833d.dir/build.make CMakeFiles/cmTC_f833d.dir/build
Building C object CMakeFiles/cmTC_f833d.dir/CheckIncludeFile.c.o
/Library/Developer/CommandLineTools/usr/bin/cc   -arch arm64 -isysroot /Library/Developer/CommandLineTools/SDKs/MacOSX12.3.sdk -mmacosx-version-min=12.2 -MD -MT CMakeFiles/cmTC_f833d.dir/CheckIncludeFile.c.o -MF CMakeFiles/cmTC_f833d.dir/CheckIncludeFile.c.o.d -o CMakeFiles/cmTC_f833d.dir/CheckIncludeFile.c.o -c /Users/neverb2sy/dex2ir/external/llvm/build/CMakeFiles/CMakeTmp/CheckIncludeFile.c
/Users/neverb2sy/dex2ir/external/llvm/build/CMakeFiles/CMakeTmp/CheckIncludeFile.c:1:10: fatal error: 'malloc.h' file not found
#include <malloc.h>
         ^~~~~~~~~~
1 error generated.
make[1]: *** [CMakeFiles/cmTC_f833d.dir/CheckIncludeFile.c.o] Error 1
make: *** [cmTC_f833d/fast] Error 2



Determining if the include file ndir.h exists failed with the following output:
Change Dir: /Users/neverb2sy/dex2ir/external/llvm/build/CMakeFiles/CMakeTmp

Run Build Command(s):/usr/bin/make -f Makefile cmTC_63f30/fast && /Library/Developer/CommandLineTools/usr/bin/make  -f CMakeFiles/cmTC_63f30.dir/build.make CMakeFiles/cmTC_63f30.dir/build
Building C object CMakeFiles/cmTC_63f30.dir/CheckIncludeFile.c.o
/Library/Developer/CommandLineTools/usr/bin/cc   -arch arm64 -isysroot /Library/Developer/CommandLineTools/SDKs/MacOSX12.3.sdk -mmacosx-version-min=12.2 -MD -MT CMakeFiles/cmTC_63f30.dir/CheckIncludeFile.c.o -MF CMakeFiles/cmTC_63f30.dir/CheckIncludeFile.c.o.d -o CMakeFiles/cmTC_63f30.dir/CheckIncludeFile.c.o -c /Users/neverb2sy/dex2ir/external/llvm/build/CMakeFiles/CMakeTmp/CheckIncludeFile.c
/Users/neverb2sy/dex2ir/external/llvm/build/CMakeFiles/CMakeTmp/CheckIncludeFile.c:1:10: fatal error: 'ndir.h' file not found
#include <ndir.h>
         ^~~~~~~~
1 error generated.
make[1]: *** [CMakeFiles/cmTC_63f30.dir/CheckIncludeFile.c.o] Error 1
make: *** [cmTC_63f30/fast] Error 2



Determining if the include file sys/ndir.h exists failed with the following output:
Change Dir: /Users/neverb2sy/dex2ir/external/llvm/build/CMakeFiles/CMakeTmp

Run Build Command(s):/usr/bin/make -f Makefile cmTC_05341/fast && /Library/Developer/CommandLineTools/usr/bin/make  -f CMakeFiles/cmTC_05341.dir/build.make CMakeFiles/cmTC_05341.dir/build
Building C object CMakeFiles/cmTC_05341.dir/CheckIncludeFile.c.o
/Library/Developer/CommandLineTools/usr/bin/cc   -arch arm64 -isysroot /Library/Developer/CommandLineTools/SDKs/MacOSX12.3.sdk -mmacosx-version-min=12.2 -MD -MT CMakeFiles/cmTC_05341.dir/CheckIncludeFile.c.o -MF CMakeFiles/cmTC_05341.dir/CheckIncludeFile.c.o.d -o CMakeFiles/cmTC_05341.dir/CheckIncludeFile.c.o -c /Users/neverb2sy/dex2ir/external/llvm/build/CMakeFiles/CMakeTmp/CheckIncludeFile.c
/Users/neverb2sy/dex2ir/external/llvm/build/CMakeFiles/CMakeTmp/CheckIncludeFile.c:1:10: fatal error: 'sys/ndir.h' file not found
#include <sys/ndir.h>
         ^~~~~~~~~~~~
1 error generated.
make[1]: *** [CMakeFiles/cmTC_05341.dir/CheckIncludeFile.c.o] Error 1
make: *** [cmTC_05341/fast] Error 2



Determining if the include file valgrind/valgrind.h exists failed with the following output:
Change Dir: /Users/neverb2sy/dex2ir/external/llvm/build/CMakeFiles/CMakeTmp

Run Build Command(s):/usr/bin/make -f Makefile cmTC_69afb/fast && /Library/Developer/CommandLineTools/usr/bin/make  -f CMakeFiles/cmTC_69afb.dir/build.make CMakeFiles/cmTC_69afb.dir/build
Building C object CMakeFiles/cmTC_69afb.dir/CheckIncludeFile.c.o
/Library/Developer/CommandLineTools/usr/bin/cc   -arch arm64 -isysroot /Library/Developer/CommandLineTools/SDKs/MacOSX12.3.sdk -mmacosx-version-min=12.2 -MD -MT CMakeFiles/cmTC_69afb.dir/CheckIncludeFile.c.o -MF CMakeFiles/cmTC_69afb.dir/CheckIncludeFile.c.o.d -o CMakeFiles/cmTC_69afb.dir/CheckIncludeFile.c.o -c /Users/neverb2sy/dex2ir/external/llvm/build/CMakeFiles/CMakeTmp/CheckIncludeFile.c
/Users/neverb2sy/dex2ir/external/llvm/build/CMakeFiles/CMakeTmp/CheckIncludeFile.c:1:10: fatal error: 'valgrind/valgrind.h' file not found
#include <valgrind/valgrind.h>
         ^~~~~~~~~~~~~~~~~~~~~
1 error generated.
make[1]: *** [CMakeFiles/cmTC_69afb.dir/CheckIncludeFile.c.o] Error 1
make: *** [cmTC_69afb/fast] Error 2



Determining if the include file ncursesw.h exists failed with the following output:
Change Dir: /Users/neverb2sy/dex2ir/external/llvm/build/CMakeFiles/CMakeTmp

Run Build Command(s):/usr/bin/make -f Makefile cmTC_67083/fast && /Library/Developer/CommandLineTools/usr/bin/make  -f CMakeFiles/cmTC_67083.dir/build.make CMakeFiles/cmTC_67083.dir/build
Building C object CMakeFiles/cmTC_67083.dir/CheckIncludeFile.c.o
/Library/Developer/CommandLineTools/usr/bin/cc   -arch arm64 -isysroot /Library/Developer/CommandLineTools/SDKs/MacOSX12.3.sdk -mmacosx-version-min=12.2 -MD -MT CMakeFiles/cmTC_67083.dir/CheckIncludeFile.c.o -MF CMakeFiles/cmTC_67083.dir/CheckIncludeFile.c.o.d -o CMakeFiles/cmTC_67083.dir/CheckIncludeFile.c.o -c /Users/neverb2sy/dex2ir/external/llvm/build/CMakeFiles/CMakeTmp/CheckIncludeFile.c
/Users/neverb2sy/dex2ir/external/llvm/build/CMakeFiles/CMakeTmp/CheckIncludeFile.c:1:10: fatal error: 'ncursesw.h' file not found
#include <ncursesw.h>
         ^~~~~~~~~~~~
1 error generated.
make[1]: *** [CMakeFiles/cmTC_67083.dir/CheckIncludeFile.c.o] Error 1
make: *** [cmTC_67083/fast] Error 2



Determining if the include file ncurses/curses.h exists failed with the following output:
Change Dir: /Users/neverb2sy/dex2ir/external/llvm/build/CMakeFiles/CMakeTmp

Run Build Command(s):/usr/bin/make -f Makefile cmTC_e8bac/fast && /Library/Developer/CommandLineTools/usr/bin/make  -f CMakeFiles/cmTC_e8bac.dir/build.make CMakeFiles/cmTC_e8bac.dir/build
Building C object CMakeFiles/cmTC_e8bac.dir/CheckIncludeFile.c.o
/Library/Developer/CommandLineTools/usr/bin/cc   -arch arm64 -isysroot /Library/Developer/CommandLineTools/SDKs/MacOSX12.3.sdk -mmacosx-version-min=12.2 -MD -MT CMakeFiles/cmTC_e8bac.dir/CheckIncludeFile.c.o -MF CMakeFiles/cmTC_e8bac.dir/CheckIncludeFile.c.o.d -o CMakeFiles/cmTC_e8bac.dir/CheckIncludeFile.c.o -c /Users/neverb2sy/dex2ir/external/llvm/build/CMakeFiles/CMakeTmp/CheckIncludeFile.c
/Users/neverb2sy/dex2ir/external/llvm/build/CMakeFiles/CMakeTmp/CheckIncludeFile.c:1:10: fatal error: 'ncurses/curses.h' file not found
#include <ncurses/curses.h>
         ^~~~~~~~~~~~~~~~~~
1 error generated.
make[1]: *** [CMakeFiles/cmTC_e8bac.dir/CheckIncludeFile.c.o] Error 1
make: *** [cmTC_e8bac/fast] Error 2



Determining if the include file ncursesw/curses.h exists failed with the following output:
Change Dir: /Users/neverb2sy/dex2ir/external/llvm/build/CMakeFiles/CMakeTmp

Run Build Command(s):/usr/bin/make -f Makefile cmTC_139cc/fast && /Library/Developer/CommandLineTools/usr/bin/make  -f CMakeFiles/cmTC_139cc.dir/build.make CMakeFiles/cmTC_139cc.dir/build
Building C object CMakeFiles/cmTC_139cc.dir/CheckIncludeFile.c.o
/Library/Developer/CommandLineTools/usr/bin/cc   -arch arm64 -isysroot /Library/Developer/CommandLineTools/SDKs/MacOSX12.3.sdk -mmacosx-version-min=12.2 -MD -MT CMakeFiles/cmTC_139cc.dir/CheckIncludeFile.c.o -MF CMakeFiles/cmTC_139cc.dir/CheckIncludeFile.c.o.d -o CMakeFiles/cmTC_139cc.dir/CheckIncludeFile.c.o -c /Users/neverb2sy/dex2ir/external/llvm/build/CMakeFiles/CMakeTmp/CheckIncludeFile.c
/Users/neverb2sy/dex2ir/external/llvm/build/CMakeFiles/CMakeTmp/CheckIncludeFile.c:1:10: fatal error: 'ncursesw/curses.h' file not found
#include <ncursesw/curses.h>
         ^~~~~~~~~~~~~~~~~~~
1 error generated.
make[1]: *** [CMakeFiles/cmTC_139cc.dir/CheckIncludeFile.c.o] Error 1
make: *** [cmTC_139cc/fast] Error 2



Determining if the function clock_gettime exists in the rt failed with the following output:
Change Dir: /Users/neverb2sy/dex2ir/external/llvm/build/CMakeFiles/CMakeTmp

Run Build Command(s):/usr/bin/make -f Makefile cmTC_6f7c0/fast && /Library/Developer/CommandLineTools/usr/bin/make  -f CMakeFiles/cmTC_6f7c0.dir/build.make CMakeFiles/cmTC_6f7c0.dir/build
Building C object CMakeFiles/cmTC_6f7c0.dir/CheckFunctionExists.c.o
/Library/Developer/CommandLineTools/usr/bin/cc   -DCHECK_FUNCTION_EXISTS=clock_gettime -arch arm64 -isysroot /Library/Developer/CommandLineTools/SDKs/MacOSX12.3.sdk -mmacosx-version-min=12.2 -MD -MT CMakeFiles/cmTC_6f7c0.dir/CheckFunctionExists.c.o -MF CMakeFiles/cmTC_6f7c0.dir/CheckFunctionExists.c.o.d -o CMakeFiles/cmTC_6f7c0.dir/CheckFunctionExists.c.o -c /usr/local/share/cmake-3.23/Modules/CheckFunctionExists.c
Linking C executable cmTC_6f7c0
/usr/local/bin/cmake -E cmake_link_script CMakeFiles/cmTC_6f7c0.dir/link.txt --verbose=1
/Library/Developer/CommandLineTools/usr/bin/cc  -DCHECK_FUNCTION_EXISTS=clock_gettime -arch arm64 -isysroot /Library/Developer/CommandLineTools/SDKs/MacOSX12.3.sdk -mmacosx-version-min=12.2 -Wl,-search_paths_first -Wl,-headerpad_max_install_names CMakeFiles/cmTC_6f7c0.dir/CheckFunctionExists.c.o -o cmTC_6f7c0  -lrt -lm 
ld: library not found for -lrt
clang: error: linker command failed with exit code 1 (use -v to see invocation)
make[1]: *** [cmTC_6f7c0] Error 1
make: *** [cmTC_6f7c0/fast] Error 2



Determining if the isinf exist failed with the following output:
Change Dir: /Users/neverb2sy/dex2ir/external/llvm/build/CMakeFiles/CMakeTmp

Run Build Command(s):/usr/bin/make -f Makefile cmTC_6140e/fast && /Library/Developer/CommandLineTools/usr/bin/make  -f CMakeFiles/cmTC_6140e.dir/build.make CMakeFiles/cmTC_6140e.dir/build
Building C object CMakeFiles/cmTC_6140e.dir/CheckSymbolExists.c.o
/Library/Developer/CommandLineTools/usr/bin/cc   -arch arm64 -isysroot /Library/Developer/CommandLineTools/SDKs/MacOSX12.3.sdk -mmacosx-version-min=12.2 -MD -MT CMakeFiles/cmTC_6140e.dir/CheckSymbolExists.c.o -MF CMakeFiles/cmTC_6140e.dir/CheckSymbolExists.c.o.d -o CMakeFiles/cmTC_6140e.dir/CheckSymbolExists.c.o -c /Users/neverb2sy/dex2ir/external/llvm/build/CMakeFiles/CMakeTmp/CheckSymbolExists.c
/Users/neverb2sy/dex2ir/external/llvm/build/CMakeFiles/CMakeTmp/CheckSymbolExists.c:2:10: fatal error: 'cmath' file not found
#include <cmath>
         ^~~~~~~
1 error generated.
make[1]: *** [CMakeFiles/cmTC_6140e.dir/CheckSymbolExists.c.o] Error 1
make: *** [cmTC_6140e/fast] Error 2


File /Users/neverb2sy/dex2ir/external/llvm/build/CMakeFiles/CMakeTmp/CheckSymbolExists.c:
/* */
#include <cmath>

int main(int argc, char** argv)
{
  (void)argv;
#ifndef isinf
  return ((int*)(&isinf))[argc];
#else
  (void)argc;
  return 0;
#endif
}
Determining if the finite exist failed with the following output:
Change Dir: /Users/neverb2sy/dex2ir/external/llvm/build/CMakeFiles/CMakeTmp

Run Build Command(s):/usr/bin/make -f Makefile cmTC_ff12c/fast && /Library/Developer/CommandLineTools/usr/bin/make  -f CMakeFiles/cmTC_ff12c.dir/build.make CMakeFiles/cmTC_ff12c.dir/build
Building C object CMakeFiles/cmTC_ff12c.dir/CheckSymbolExists.c.o
/Library/Developer/CommandLineTools/usr/bin/cc   -arch arm64 -isysroot /Library/Developer/CommandLineTools/SDKs/MacOSX12.3.sdk -mmacosx-version-min=12.2 -MD -MT CMakeFiles/cmTC_ff12c.dir/CheckSymbolExists.c.o -MF CMakeFiles/cmTC_ff12c.dir/CheckSymbolExists.c.o.d -o CMakeFiles/cmTC_ff12c.dir/CheckSymbolExists.c.o -c /Users/neverb2sy/dex2ir/external/llvm/build/CMakeFiles/CMakeTmp/CheckSymbolExists.c
/Users/neverb2sy/dex2ir/external/llvm/build/CMakeFiles/CMakeTmp/CheckSymbolExists.c:2:10: fatal error: 'ieeefp.h' file not found
#include <ieeefp.h>
         ^~~~~~~~~~
1 error generated.
make[1]: *** [CMakeFiles/cmTC_ff12c.dir/CheckSymbolExists.c.o] Error 1
make: *** [cmTC_ff12c/fast] Error 2


File /Users/neverb2sy/dex2ir/external/llvm/build/CMakeFiles/CMakeTmp/CheckSymbolExists.c:
/* */
#include <ieeefp.h>

int main(int argc, char** argv)
{
  (void)argv;
#ifndef finite
  return ((int*)(&finite))[argc];
#else
  (void)argc;
  return 0;
#endif
}
Determining if the isnan exist failed with the following output:
Change Dir: /Users/neverb2sy/dex2ir/external/llvm/build/CMakeFiles/CMakeTmp

Run Build Command(s):/usr/bin/make -f Makefile cmTC_9e03b/fast && /Library/Developer/CommandLineTools/usr/bin/make  -f CMakeFiles/cmTC_9e03b.dir/build.make CMakeFiles/cmTC_9e03b.dir/build
Building C object CMakeFiles/cmTC_9e03b.dir/CheckSymbolExists.c.o
/Library/Developer/CommandLineTools/usr/bin/cc   -arch arm64 -isysroot /Library/Developer/CommandLineTools/SDKs/MacOSX12.3.sdk -mmacosx-version-min=12.2 -MD -MT CMakeFiles/cmTC_9e03b.dir/CheckSymbolExists.c.o -MF CMakeFiles/cmTC_9e03b.dir/CheckSymbolExists.c.o.d -o CMakeFiles/cmTC_9e03b.dir/CheckSymbolExists.c.o -c /Users/neverb2sy/dex2ir/external/llvm/build/CMakeFiles/CMakeTmp/CheckSymbolExists.c
/Users/neverb2sy/dex2ir/external/llvm/build/CMakeFiles/CMakeTmp/CheckSymbolExists.c:2:10: fatal error: 'cmath' file not found
#include <cmath>
         ^~~~~~~
1 error generated.
make[1]: *** [CMakeFiles/cmTC_9e03b.dir/CheckSymbolExists.c.o] Error 1
make: *** [cmTC_9e03b/fast] Error 2


File /Users/neverb2sy/dex2ir/external/llvm/build/CMakeFiles/CMakeTmp/CheckSymbolExists.c:
/* */
#include <cmath>

int main(int argc, char** argv)
{
  (void)argv;
#ifndef isnan
  return ((int*)(&isnan))[argc];
#else
  (void)argc;
  return 0;
#endif
}
Determining if the exp10 exist failed with the following output:
Change Dir: /Users/neverb2sy/dex2ir/external/llvm/build/CMakeFiles/CMakeTmp

Run Build Command(s):/usr/bin/make -f Makefile cmTC_c6710/fast && /Library/Developer/CommandLineTools/usr/bin/make  -f CMakeFiles/cmTC_c6710.dir/build.make CMakeFiles/cmTC_c6710.dir/build
Building C object CMakeFiles/cmTC_c6710.dir/CheckSymbolExists.c.o
/Library/Developer/CommandLineTools/usr/bin/cc   -arch arm64 -isysroot /Library/Developer/CommandLineTools/SDKs/MacOSX12.3.sdk -mmacosx-version-min=12.2 -MD -MT CMakeFiles/cmTC_c6710.dir/CheckSymbolExists.c.o -MF CMakeFiles/cmTC_c6710.dir/CheckSymbolExists.c.o.d -o CMakeFiles/cmTC_c6710.dir/CheckSymbolExists.c.o -c /Users/neverb2sy/dex2ir/external/llvm/build/CMakeFiles/CMakeTmp/CheckSymbolExists.c
/Users/neverb2sy/dex2ir/external/llvm/build/CMakeFiles/CMakeTmp/CheckSymbolExists.c:8:19: error: use of undeclared identifier 'exp10'
  return ((int*)(&exp10))[argc];
                  ^
1 error generated.
make[1]: *** [CMakeFiles/cmTC_c6710.dir/CheckSymbolExists.c.o] Error 1
make: *** [cmTC_c6710/fast] Error 2


File /Users/neverb2sy/dex2ir/external/llvm/build/CMakeFiles/CMakeTmp/CheckSymbolExists.c:
/* */
#include <math.h>

int main(int argc, char** argv)
{
  (void)argv;
#ifndef exp10
  return ((int*)(&exp10))[argc];
#else
  (void)argc;
  return 0;
#endif
}
Determining if the mallinfo exist failed with the following output:
Change Dir: /Users/neverb2sy/dex2ir/external/llvm/build/CMakeFiles/CMakeTmp

Run Build Command(s):/usr/bin/make -f Makefile cmTC_3f99a/fast && /Library/Developer/CommandLineTools/usr/bin/make  -f CMakeFiles/cmTC_3f99a.dir/build.make CMakeFiles/cmTC_3f99a.dir/build
Building C object CMakeFiles/cmTC_3f99a.dir/CheckSymbolExists.c.o
/Library/Developer/CommandLineTools/usr/bin/cc   -arch arm64 -isysroot /Library/Developer/CommandLineTools/SDKs/MacOSX12.3.sdk -mmacosx-version-min=12.2 -MD -MT CMakeFiles/cmTC_3f99a.dir/CheckSymbolExists.c.o -MF CMakeFiles/cmTC_3f99a.dir/CheckSymbolExists.c.o.d -o CMakeFiles/cmTC_3f99a.dir/CheckSymbolExists.c.o -c /Users/neverb2sy/dex2ir/external/llvm/build/CMakeFiles/CMakeTmp/CheckSymbolExists.c
/Users/neverb2sy/dex2ir/external/llvm/build/CMakeFiles/CMakeTmp/CheckSymbolExists.c:2:10: fatal error: 'malloc.h' file not found
#include <malloc.h>
         ^~~~~~~~~~
1 error generated.
make[1]: *** [CMakeFiles/cmTC_3f99a.dir/CheckSymbolExists.c.o] Error 1
make: *** [cmTC_3f99a/fast] Error 2


File /Users/neverb2sy/dex2ir/external/llvm/build/CMakeFiles/CMakeTmp/CheckSymbolExists.c:
/* */
#include <malloc.h>

int main(int argc, char** argv)
{
  (void)argv;
#ifndef mallinfo
  return ((int*)(&mallinfo))[argc];
#else
  (void)argc;
  return 0;
#endif
}
Determining if the strerror_s exist failed with the following output:
Change Dir: /Users/neverb2sy/dex2ir/external/llvm/build/CMakeFiles/CMakeTmp

Run Build Command(s):/usr/bin/make -f Makefile cmTC_49dbc/fast && /Library/Developer/CommandLineTools/usr/bin/make  -f CMakeFiles/cmTC_49dbc.dir/build.make CMakeFiles/cmTC_49dbc.dir/build
Building C object CMakeFiles/cmTC_49dbc.dir/CheckSymbolExists.c.o
/Library/Developer/CommandLineTools/usr/bin/cc   -arch arm64 -isysroot /Library/Developer/CommandLineTools/SDKs/MacOSX12.3.sdk -mmacosx-version-min=12.2 -MD -MT CMakeFiles/cmTC_49dbc.dir/CheckSymbolExists.c.o -MF CMakeFiles/cmTC_49dbc.dir/CheckSymbolExists.c.o.d -o CMakeFiles/cmTC_49dbc.dir/CheckSymbolExists.c.o -c /Users/neverb2sy/dex2ir/external/llvm/build/CMakeFiles/CMakeTmp/CheckSymbolExists.c
/Users/neverb2sy/dex2ir/external/llvm/build/CMakeFiles/CMakeTmp/CheckSymbolExists.c:8:19: error: use of undeclared identifier 'strerror_s'; did you mean 'strerror_r'?
  return ((int*)(&strerror_s))[argc];
                  ^~~~~~~~~~
                  strerror_r
/Library/Developer/CommandLineTools/SDKs/MacOSX12.3.sdk/usr/include/string.h:116:6: note: 'strerror_r' declared here
int      strerror_r(int __errnum, char *__strerrbuf, size_t __buflen);
         ^
1 error generated.
make[1]: *** [CMakeFiles/cmTC_49dbc.dir/CheckSymbolExists.c.o] Error 1
make: *** [cmTC_49dbc/fast] Error 2


File /Users/neverb2sy/dex2ir/external/llvm/build/CMakeFiles/CMakeTmp/CheckSymbolExists.c:
/* */
#include <string.h>

int main(int argc, char** argv)
{
  (void)argv;
#ifndef strerror_s
  return ((int*)(&strerror_s))[argc];
#else
  (void)argc;
  return 0;
#endif
}
Determining if the __GLIBC__ exist failed with the following output:
Change Dir: /Users/neverb2sy/dex2ir/external/llvm/build/CMakeFiles/CMakeTmp

Run Build Command(s):/usr/bin/make -f Makefile cmTC_614cf/fast && /Library/Developer/CommandLineTools/usr/bin/make  -f CMakeFiles/cmTC_614cf.dir/build.make CMakeFiles/cmTC_614cf.dir/build
Building C object CMakeFiles/cmTC_614cf.dir/CheckSymbolExists.c.o
/Library/Developer/CommandLineTools/usr/bin/cc   -arch arm64 -isysroot /Library/Developer/CommandLineTools/SDKs/MacOSX12.3.sdk -mmacosx-version-min=12.2 -MD -MT CMakeFiles/cmTC_614cf.dir/CheckSymbolExists.c.o -MF CMakeFiles/cmTC_614cf.dir/CheckSymbolExists.c.o.d -o CMakeFiles/cmTC_614cf.dir/CheckSymbolExists.c.o -c /Users/neverb2sy/dex2ir/external/llvm/build/CMakeFiles/CMakeTmp/CheckSymbolExists.c
/Users/neverb2sy/dex2ir/external/llvm/build/CMakeFiles/CMakeTmp/CheckSymbolExists.c:8:19: error: use of undeclared identifier '__GLIBC__'
  return ((int*)(&__GLIBC__))[argc];
                  ^
1 error generated.
make[1]: *** [CMakeFiles/cmTC_614cf.dir/CheckSymbolExists.c.o] Error 1
make: *** [cmTC_614cf/fast] Error 2


File /Users/neverb2sy/dex2ir/external/llvm/build/CMakeFiles/CMakeTmp/CheckSymbolExists.c:
/* */
#include <stdio.h>

int main(int argc, char** argv)
{
  (void)argv;
#ifndef __GLIBC__
  return ((int*)(&__GLIBC__))[argc];
#else
  (void)argc;
  return 0;
#endif
}
